-------------------------
Totem: VERINBK000062
Data & Hora: 01/06/22 14:57:42
Tipo: Update
---> Usu치rio admin@admin.com acessou o totem
-------------------------
Totem: VERINBK000062
Data & Hora: 01/06/22 14:57:48
Tipo: Update
---> Usuario salvou dados vari치veis do Totem
-------------------------
Totem: VERINBK000062
Data & Hora: 01/06/22 15:01:08
Tipo: Update
---> Usu치rio admin@admin.com acessou o totem
-------------------------
Totem: VERINBK000062
Data & Hora: 01/06/22 15:01:13
Tipo: Update
---> Usuario salvou dados vari치veis do Totem
