-------------------------
Totem: VERINBK000062
Data & Hora: 02/06/22 18:15:36
Tipo: Update
---> Usuário admin@admin.com acessou o totem
-------------------------
Totem: VERINBK000062
Data & Hora: 02/06/22 18:15:40
Tipo: Update
---> Usuario deslogou do sistema
-------------------------
Totem: VERINBK000062
Data & Hora: 02/06/22 18:16:21
Tipo: Update
---> Usuário admin@admin.com acessou o totem
-------------------------
Totem: VERINBK000062
Data & Hora: 02/06/22 18:16:24
Tipo: Update
---> Usuario visualizou informações do Totem
-------------------------
Totem: VERINBK000062
Data & Hora: 02/06/22 18:16:28
Tipo: Update
---> Usuario visualizou processos do totem
-------------------------
Totem: VERINBK000062
Data & Hora: 02/06/22 18:16:30
Tipo: Update
---> Usuario visualizou serviços do totem
-------------------------
Totem: VERINBK000062
Data & Hora: 02/06/22 18:16:39
Tipo: Update
---> Usuario salvou dados estáticos do Totem
-------------------------
Totem: VERINBK000062
Data & Hora: 02/06/22 18:16:42
Tipo: Update
---> Usuario salvou dados variáveis do Totem
