-------------------------
Totem: VERINBK000062
Data & Hora: 06/06/22 08:45:14
Tipo: Update
---> Usuário admin@admin.com acessou o totem
-------------------------
Totem: VERINBK000062
Data & Hora: 06/06/22 08:45:20
Tipo: Update
---> Usuario salvou dados variáveis do Totem
-------------------------
Totem: VERINBK000062
Data & Hora: 06/06/22 08:50:54
Tipo: Update
---> Usuário admin@admin.com acessou o totem
-------------------------
Totem: VERINBK000062
Data & Hora: 06/06/22 08:51:00
Tipo: Update
---> Usuario salvou dados variáveis do Totem
-------------------------
Totem: VERINBK000062
Data & Hora: 06/06/22 08:55:02
Tipo: Update
---> Usuário admin@admin.com acessou o totem
-------------------------
Totem: VERINBK000062
Data & Hora: 06/06/22 08:55:08
Tipo: Update
---> Usuario salvou dados variáveis do Totem
-------------------------
Totem: VERINBK000062
Data & Hora: 06/06/22 08:59:23
Tipo: Update
---> Usuário admin@admin.com acessou o totem
-------------------------
Totem: VERINBK000062
Data & Hora: 06/06/22 09:00:18
Tipo: Update
---> Usuario salvou dados variáveis do Totem
-------------------------
Totem: VERINBK000062
Data & Hora: 06/06/22 09:15:21
Tipo: Update
---> Usuário admin@admin.com acessou o totem
-------------------------
Totem: VERINBK000062
Data & Hora: 06/06/22 09:15:39
Tipo: Update
---> Usuario salvou dados variáveis do Totem
-------------------------
Totem: VERINBK000062
Data & Hora: 06/06/22 09:18:06
Tipo: Update
---> Usuário admin@admin.com acessou o totem
-------------------------
Totem: VERINBK000062
Data & Hora: 06/06/22 09:18:11
Tipo: Update
---> Usuario salvou dados variáveis do Totem
-------------------------
Totem: VERINBK000062
Data & Hora: 06/06/22 09:43:47
Tipo: Update
---> Usuário admin@admin.com acessou o totem
-------------------------
Totem: VERINBK000062
Data & Hora: 06/06/22 09:44:01
Tipo: Update
---> Usuario salvou dados variáveis do Totem
-------------------------
Totem: VERINBK000062
Data & Hora: 06/06/22 14:34:12
Tipo: Update
---> Usuário admin@admin.com acessou o totem
-------------------------
Totem: VERINBK000062
Data & Hora: 06/06/22 14:36:19
Tipo: Update
---> Usuario salvou dados variáveis do Totem
-------------------------
Totem: VERINBK000062
Data & Hora: 06/06/22 14:38:01
Tipo: Update
---> Usuário admin@admin.com acessou o totem
-------------------------
Totem: VERINBK000062
Data & Hora: 06/06/22 14:38:04
Tipo: Update
---> Usuario salvou dados variáveis do Totem
-------------------------
Totem: VERINBK000062
Data & Hora: 06/06/22 18:16:58
Tipo: Update
---> Usuário admin@admin.com acessou o totem
-------------------------
Totem: VERINBK000062
Data & Hora: 06/06/22 18:17:05
Tipo: Update
---> Usuario salvou dados variáveis do Totem
-------------------------
Totem: VERINBK000062
Data & Hora: 06/06/22 19:36:29
Tipo: Update
---> Usuário admin@admin.com acessou o totem
-------------------------
Totem: VERINBK000062
Data & Hora: 06/06/22 19:36:41
Tipo: Update
---> Usuario salvou dados variáveis do Totem
-------------------------
Totem: VERINBK000062
Data & Hora: 06/06/22 19:43:58
Tipo: Update
---> Usuário admin@admin.com acessou o totem
-------------------------
Totem: VERINBK000062
Data & Hora: 06/06/22 19:44:07
Tipo: Update
---> Usuario salvou dados variáveis do Totem
-------------------------
Totem: VERINBK000062
Data & Hora: 06/06/22 20:09:35
Tipo: Update
---> Usuário admin@admin.com acessou o totem
-------------------------
Totem: VERINBK000062
Data & Hora: 06/06/22 20:09:39
Tipo: Update
---> Usuario salvou dados variáveis do Totem
-------------------------
Totem: VERINBK000062
Data & Hora: 06/06/22 20:15:16
Tipo: Update
---> Usuário admin@admin.com acessou o totem
-------------------------
Totem: VERINBK000062
Data & Hora: 06/06/22 20:15:21
Tipo: Update
---> Usuario salvou dados variáveis do Totem
