-------------------------
Totem: VERINBK000062
Data & Hora: 29/05/22 21:07:44
Tipo: Update
outr teste
-------------------------
Totem: VERINBK000062
Data & Hora: 30/05/22 20:26:06
Tipo: Update
---> Usuário admin@admin.com acessou o totem
-------------------------
Totem: VERINBK000062
Data & Hora: 30/05/22 20:29:05
Tipo: Update
---> Usuário admin@admin.com acessou o totem
-------------------------
Totem: VERINBK000062
Data & Hora: 30/05/22 20:30:14
Tipo: Update
---> Usuario visualizou informações do Totem
-------------------------
Totem: VERINBK000062
Data & Hora: 30/05/22 20:30:31
Tipo: Update
---> Usuario salvou dados variáveis do Totem
-------------------------
Totem: VERINBK000062
Data & Hora: 30/05/22 20:31:24
Tipo: Update
---> tentativa de login com email: volpe@email.com
-------------------------
Totem: VERINBK000062
Data & Hora: 30/05/22 20:31:38
Tipo: Update
---> tentativa de login com email: volpe@email.com
-------------------------
Totem: VERINBK000062
Data & Hora: 30/05/22 20:31:58
Tipo: Update
---> Usuário admin@admin.com acessou o totem
-------------------------
Totem: VERINBK000062
Data & Hora: 30/05/22 20:32:14
Tipo: Update
---> Usuario deslogou do sistema
